2023-03-16 13:13:00,070-root-INFO-Drive namec:// file namereport.html
2023-03-16 13:13:00,071-root-INFO-class usedsearchFile
2023-03-16 13:25:17,013-root-INFO-Drive namec:// file namereport.html
2023-03-16 13:25:17,014-root-INFO-class usedsearchFile
2023-03-16 13:27:31,027-root-INFO-Drive name file namec://
2023-03-16 13:27:31,027-root-INFO-class usedsearchFile
2023-03-16 13:34:15,001-root-INFO-Drive namec:// file namereport.html
2023-03-16 13:34:15,002-root-INFO-class usedsearchFile
2023-03-16 13:35:54,968-root-INFO-Drive namec:// file namereport.html
2023-03-16 13:35:54,969-root-INFO-class usedsearchFile
2023-03-16 13:37:30,139-root-INFO-Drive namec:/ file name52138229.docx
2023-03-16 13:37:30,140-root-INFO-class usedsearchFile
2023-03-16 14:41:54,664-root-INFO-Drive namec:// file nameLinux -4.vmdk
2023-03-16 14:41:54,664-root-INFO-class usedsearchFile
2023-03-16 14:45:38,068-root-INFO-Drive namec:// file nameLinux -4.vmdk
2023-03-16 14:45:38,069-root-INFO-class usedsearchFile
2023-03-16 14:47:20,048-root-INFO-Drive name file namec://
2023-03-16 14:47:20,049-root-INFO-class usedsearchFile
2023-03-16 14:49:08,299-root-INFO-Drive namec:// file nameLinux -4.vdmk
2023-03-16 14:49:08,300-root-INFO-class usedsearchFile
2023-03-16 14:52:36,615-root-INFO-Drive name file namec://
2023-03-16 14:52:36,615-root-INFO-class usedsearchFile
2023-03-16 14:53:52,155-root-INFO-Drive namec:// file nameLinux -4 vdmk
2023-03-16 14:53:52,156-root-INFO-class usedsearchFile
2023-03-16 14:53:52,228-root-INFO-myhcl database is connected
2023-03-16 14:56:34,826-root-INFO-Drive namec:// file nameLinux -4 vdmk
2023-03-16 14:56:34,827-root-INFO-class usedsearchFile
2023-03-16 14:56:34,899-root-INFO-myhcl database is connected
2023-03-16 14:56:34,901-root-INFO-Not found in Database
2023-03-16 14:56:34,901-root-INFO-Now searching in Drives
2023-03-16 15:00:01,292-root-INFO-Drive namec:// file nameLinux -4 vdmk
2023-03-16 15:00:01,292-root-INFO-class usedsearchFile
2023-03-16 15:00:01,367-root-INFO-myhcl database is connected
2023-03-16 15:00:01,368-root-INFO-Not found in Database
2023-03-16 15:00:01,368-root-INFO-Now searching in Drives
2023-03-16 15:01:33,424-root-INFO-Drive namec:// file nameLinux -4 vdmk
2023-03-16 15:01:33,424-root-INFO-class usedsearchFile
2023-03-16 15:01:33,502-root-INFO-myhcl database is connected
2023-03-16 15:01:33,504-root-INFO-Not found in Database
2023-03-16 15:01:33,504-root-INFO-Now searching in Drives
2023-03-16 15:02:42,074-root-INFO-Drive namec:// file nameLinux -4 vdmk
2023-03-16 15:02:42,075-root-INFO-class usedsearchFile
2023-03-16 15:02:42,148-root-INFO-myhcl database is connected
2023-03-16 15:02:42,149-root-INFO-Not found in Database
2023-03-16 15:02:42,150-root-INFO-Now searching in Drives
2023-03-16 15:03:24,161-root-INFO-Drive name file namec://
2023-03-16 15:03:24,162-root-INFO-class usedsearchFile
2023-03-16 15:03:24,242-root-INFO-myhcl database is connected
2023-03-16 15:03:24,245-root-INFO-Not found in Database
2023-03-16 15:03:24,245-root-INFO-Now searching in Drives
